<?xml version="1.0" encoding="UTF-8"?>
<!-- Generated by org.testng.reporters.JUnitReportReporter -->
<testsuite hostname="MININT-86R5IFB" failures="0" tests="1" name="com.training.testNG.Test3" time="0.002" errors="0" timestamp="15 Nov 2023 15:43:16 GMT">
  <testcase classname="com.training.testNG.Test3" name="test2method1" time="0.002"/>
</testsuite> <!-- com.training.testNG.Test3 -->
