<?xml version="1.0" encoding="UTF-8"?>
<!-- Generated by org.testng.reporters.JUnitReportReporter -->
<testsuite hostname="MININT-86R5IFB" failures="0" tests="3" name="com.training.testNG.Test1" time="0.034" errors="0" timestamp="16 Nov 2023 16:01:52 GMT">
  <testcase classname="com.training.testNG.Test1" name="test1method2" time="0.007"/>
  <testcase classname="com.training.testNG.Test1" name="test1method3" time="0.024"/>
  <testcase classname="com.training.testNG.Test1" name="test1method1" time="0.003"/>
</testsuite> <!-- com.training.testNG.Test1 -->
