<?xml version="1.0" encoding="UTF-8"?>
<!-- Generated by org.testng.reporters.JUnitReportReporter -->
<testsuite hostname="MININT-86R5IFB" failures="0" tests="1" name="com.training.testNG.Loginsalesforce" time="14.634" errors="0" timestamp="15 Jan 2024 18:16:30 GMT">
  <testcase classname="com.training.testNG.Loginsalesforce" name="loginusernameandpassword" time="14.634"/>
</testsuite> <!-- com.training.testNG.Loginsalesforce -->
